<?xml version="1.0" encoding="UTF-8"?>
<!-- Generated by org.testng.reporters.JUnitReportReporter -->
<testsuite hostname="AA" failures="0" tests="1" name="Practice.Reg" time="33.267" errors="0" timestamp="2020-07-19T21:32:50 EDT" skipped="0">
  <testcase classname="Practice.Reg" name="RegisterUser" time="33.267"/>
</testsuite> <!-- Practice.Reg -->
